<?xml version="1.0" encoding="utf-8"?><testsuites name="pytest tests"><testsuite name="pytest" errors="0" failures="0" skipped="0" tests="30" time="47.245" timestamp="2026-03-01T20:33:47.068311+00:00" hostname="agent-env-863c2e53-8fe7-4960-a3b5-0d26ee96f05b"><testcase classname="tests.test_star_trek_kb.TestHealth" name="test_health_endpoint" time="0.163" /><testcase classname="tests.test_star_trek_kb.TestAuthCredentialsMigration" name="test_captain_login" time="0.337" /><testcase classname="tests.test_star_trek_kb.TestAuthCredentialsMigration" name="test_nummer_eins_login" time="0.367" /><testcase classname="tests.test_star_trek_kb.TestAuthCredentialsMigration" name="test_invalid_login" time="0.365" /><testcase classname="tests.test_star_trek_kb.TestAuthCredentialsMigration" name="test_get_me_with_token" time="0.498" /><testcase classname="tests.test_star_trek_kb.TestDashboard" name="test_dashboard_stats" time="0.119" /><testcase classname="tests.test_star_trek_kb.TestCategories" name="test_get_categories" time="0.114" /><testcase classname="tests.test_star_trek_kb.TestArticles" name="test_get_articles" time="0.115" /><testcase classname="tests.test_star_trek_kb.TestArticles" name="test_get_articles_by_category" time="0.126" /><testcase classname="tests.test_star_trek_kb.TestArticles" name="test_search_articles" time="0.101" /><testcase classname="tests.test_star_trek_kb.TestScribeImport" name="test_import_markdown_file" time="3.968" /><testcase classname="tests.test_star_trek_kb.TestScribeImport" name="test_import_with_category_in_filename" time="3.021" /><testcase classname="tests.test_star_trek_kb.TestScribeImport" name="test_import_requires_auth" time="0.108" /><testcase classname="tests.test_star_trek_kb.TestScribeImport" name="test_import_invalid_format_rejected" time="0.469" /><testcase classname="tests.test_star_trek_kb.TestLocationsAndTickets" name="test_get_locations" time="0.173" /><testcase classname="tests.test_star_trek_kb.TestLocationsAndTickets" name="test_get_location_detail" time="0.101" /><testcase classname="tests.test_star_trek_kb.TestLocationsAndTickets" name="test_get_tickets" time="0.109" /><testcase classname="tests.test_star_trek_kb.TestStardate" name="test_get_stardate" time="0.133" /><testcase classname="tests.test_zip_batch_import.TestBatchImportAuth" name="test_batch_import_requires_auth" time="0.168" /><testcase classname="tests.test_zip_batch_import.TestBatchImportAuth" name="test_batch_import_requires_captain_role" time="0.452" /><testcase classname="tests.test_zip_batch_import.TestBatchImportValidation" name="test_batch_import_rejects_non_zip" time="0.467" /><testcase classname="tests.test_zip_batch_import.TestBatchImportValidation" name="test_batch_import_rejects_invalid_zip" time="0.458" /><testcase classname="tests.test_zip_batch_import.TestBatchImportFunctionality" name="test_batch_import_md_files" time="6.812" /><testcase classname="tests.test_zip_batch_import.TestBatchImportFunctionality" name="test_batch_import_html_files" time="4.341" /><testcase classname="tests.test_zip_batch_import.TestBatchImportFunctionality" name="test_batch_import_skips_unsupported_formats" time="3.280" /><testcase classname="tests.test_zip_batch_import.TestBatchImportFunctionality" name="test_batch_import_auto_categorizes_from_filename" time="10.798" /><testcase classname="tests.test_zip_batch_import.TestBatchImportFunctionality" name="test_batch_import_generates_claude_summary" time="2.798" /><testcase classname="tests.test_zip_batch_import.TestBatchImportFunctionality" name="test_batch_import_skips_macosx_folders" time="3.585" /><testcase classname="tests.test_zip_batch_import.TestBatchImportFunctionality" name="test_batch_import_empty_zip" time="0.525" /><testcase classname="tests.test_zip_batch_import.TestSingleFileImportStillWorks" name="test_single_file_import_works" time="3.097" /></testsuite></testsuites>