<?xml version="1.0" encoding="utf-8"?><testsuites name="pytest tests"><testsuite name="pytest" errors="0" failures="0" skipped="0" tests="18" time="11.657" timestamp="2026-03-01T19:46:44.604677+00:00" hostname="agent-env-863c2e53-8fe7-4960-a3b5-0d26ee96f05b"><testcase classname="backend.tests.test_star_trek_kb.TestHealth" name="test_health_endpoint" time="0.228" /><testcase classname="backend.tests.test_star_trek_kb.TestAuthCredentialsMigration" name="test_captain_login" time="0.423" /><testcase classname="backend.tests.test_star_trek_kb.TestAuthCredentialsMigration" name="test_nummer_eins_login" time="0.352" /><testcase classname="backend.tests.test_star_trek_kb.TestAuthCredentialsMigration" name="test_invalid_login" time="0.352" /><testcase classname="backend.tests.test_star_trek_kb.TestAuthCredentialsMigration" name="test_get_me_with_token" time="0.428" /><testcase classname="backend.tests.test_star_trek_kb.TestDashboard" name="test_dashboard_stats" time="0.109" /><testcase classname="backend.tests.test_star_trek_kb.TestCategories" name="test_get_categories" time="0.143" /><testcase classname="backend.tests.test_star_trek_kb.TestArticles" name="test_get_articles" time="0.103" /><testcase classname="backend.tests.test_star_trek_kb.TestArticles" name="test_get_articles_by_category" time="0.104" /><testcase classname="backend.tests.test_star_trek_kb.TestArticles" name="test_search_articles" time="0.121" /><testcase classname="backend.tests.test_star_trek_kb.TestScribeImport" name="test_import_markdown_file" time="4.461" /><testcase classname="backend.tests.test_star_trek_kb.TestScribeImport" name="test_import_with_category_in_filename" time="3.597" /><testcase classname="backend.tests.test_star_trek_kb.TestScribeImport" name="test_import_requires_auth" time="0.126" /><testcase classname="backend.tests.test_star_trek_kb.TestScribeImport" name="test_import_invalid_format_rejected" time="0.503" /><testcase classname="backend.tests.test_star_trek_kb.TestLocationsAndTickets" name="test_get_locations" time="0.162" /><testcase classname="backend.tests.test_star_trek_kb.TestLocationsAndTickets" name="test_get_location_detail" time="0.113" /><testcase classname="backend.tests.test_star_trek_kb.TestLocationsAndTickets" name="test_get_tickets" time="0.132" /><testcase classname="backend.tests.test_star_trek_kb.TestStardate" name="test_get_stardate" time="0.106" /></testsuite></testsuites>